0 info it worked if it ends with ok
1 verbose cli [ '/Users/aajoshi/miniconda3/bin/node',
1 verbose cli   '/Users/aajoshi/miniconda3/bin/npm',
1 verbose cli   'run',
1 verbose cli   'build:blog' ]
2 info using npm@3.10.10
3 info using node@v6.13.1
4 verbose run-script [ 'prebuild:blog', 'build:blog', 'postbuild:blog' ]
5 info lifecycle www-main@2.0.0~prebuild:blog: www-main@2.0.0
6 silly lifecycle www-main@2.0.0~prebuild:blog: no script for prebuild:blog, continuing
7 info lifecycle www-main@2.0.0~build:blog: www-main@2.0.0
8 verbose lifecycle www-main@2.0.0~build:blog: unsafe-perm in lifecycle true
9 verbose lifecycle www-main@2.0.0~build:blog: PATH: /Users/aajoshi/miniconda3/lib/node_modules/npm/bin/node-gyp-bin:/Users/aajoshi/Documents/GitHub/www-main/node_modules/.bin:/Users/aajoshi/miniconda3/bin:/Users/aajoshi/miniconda3/condabin:/usr/local/bin:/usr/bin:/bin:/usr/sbin:/sbin:/usr/local/share/dotnet:~/.dotnet/tools:/Library/Apple/usr/bin:/Library/Frameworks/Mono.framework/Versions/Current/Commands
10 verbose lifecycle www-main@2.0.0~build:blog: CWD: /Users/aajoshi/Documents/GitHub/www-main
11 silly lifecycle www-main@2.0.0~build:blog: Args: [ '-c',
11 silly lifecycle   'Rscript -e "blogdown::build_site(local=FALSE, run_hugo=FALSE, build_rmd=\'md5sum\')"' ]
12 silly lifecycle www-main@2.0.0~build:blog: Returned: code: 1  signal: null
13 info lifecycle www-main@2.0.0~build:blog: Failed to exec build:blog script
14 verbose stack Error: www-main@2.0.0 build:blog: `Rscript -e "blogdown::build_site(local=FALSE, run_hugo=FALSE, build_rmd='md5sum')"`
14 verbose stack Exit status 1
14 verbose stack     at EventEmitter.<anonymous> (/Users/aajoshi/miniconda3/lib/node_modules/npm/lib/utils/lifecycle.js:255:16)
14 verbose stack     at emitTwo (events.js:106:13)
14 verbose stack     at EventEmitter.emit (events.js:191:7)
14 verbose stack     at ChildProcess.<anonymous> (/Users/aajoshi/miniconda3/lib/node_modules/npm/lib/utils/spawn.js:40:14)
14 verbose stack     at emitTwo (events.js:106:13)
14 verbose stack     at ChildProcess.emit (events.js:191:7)
14 verbose stack     at maybeClose (internal/child_process.js:920:16)
14 verbose stack     at Process.ChildProcess._handle.onexit (internal/child_process.js:230:5)
15 verbose pkgid www-main@2.0.0
16 verbose cwd /Users/aajoshi/Documents/GitHub/www-main
17 error Darwin 19.6.0
18 error argv "/Users/aajoshi/miniconda3/bin/node" "/Users/aajoshi/miniconda3/bin/npm" "run" "build:blog"
19 error node v6.13.1
20 error npm  v3.10.10
21 error code ELIFECYCLE
22 error www-main@2.0.0 build:blog: `Rscript -e "blogdown::build_site(local=FALSE, run_hugo=FALSE, build_rmd='md5sum')"`
22 error Exit status 1
23 error Failed at the www-main@2.0.0 build:blog script 'Rscript -e "blogdown::build_site(local=FALSE, run_hugo=FALSE, build_rmd='md5sum')"'.
23 error Make sure you have the latest version of node.js and npm installed.
23 error If you do, this is most likely a problem with the www-main package,
23 error not with npm itself.
23 error Tell the author that this fails on your system:
23 error     Rscript -e "blogdown::build_site(local=FALSE, run_hugo=FALSE, build_rmd='md5sum')"
23 error You can get information on how to open an issue for this project with:
23 error     npm bugs www-main
23 error Or if that isn't available, you can get their info via:
23 error     npm owner ls www-main
23 error There is likely additional logging output above.
24 verbose exit [ 1, true ]
